#
# There is insufficient memory for the Java Runtime Environment to continue.
# Native memory allocation (mmap) failed to map 100663296 bytes for G1 virtual space
# Possible reasons:
#   The system is out of physical RAM or swap space
#   The process is running with CompressedOops enabled, and the Java Heap may be blocking the growth of the native heap
# Possible solutions:
#   Reduce memory load on the system
#   Increase physical memory or swap space
#   Check if swap backing store is full
#   Decrease Java heap size (-Xmx/-Xms)
#   Decrease number of Java threads
#   Decrease Java thread stack sizes (-Xss)
#   Set larger code cache with -XX:ReservedCodeCacheSize=
#   JVM is running with Zero Based Compressed Oops mode in which the Java heap is
#     placed in the first 32GB address space. The Java Heap base address is the
#     maximum limit for the native heap growth. Please use -XX:HeapBaseMinAddress
#     to set the Java Heap base and to place the Java Heap above 32GB virtual address.
# This output file may be truncated or incomplete.
#
#  Out of Memory Error (os_windows.cpp:3548), pid=8536, tid=11064
#
# JRE version: Java(TM) SE Runtime Environment (17.0.12+8) (build 17.0.12+8-LTS-286)
# Java VM: Java HotSpot(TM) 64-Bit Server VM (17.0.12+8-LTS-286, mixed mode, sharing, tiered, compressed oops, compressed class ptrs, g1 gc, windows-amd64)
# No core dump will be written. Minidumps are not enabled by default on client versions of Windows
#

---------------  S U M M A R Y ------------

Command Line: -javaagent:C:\Program Files\JetBrains\IntelliJ IDEA Community Edition 2024.1.4\lib\idea_rt.jar=60011:C:\Program Files\JetBrains\IntelliJ IDEA Community Edition 2024.1.4\bin -Dfile.encoding=UTF-8 com.stock.demo.DemoApplication

Host: 11th Gen Intel(R) Core(TM) i5-1135G7 @ 2.40GHz, 8 cores, 15G,  Windows 10 , 64 bit Build 19041 (10.0.19041.5915)
Time: Wed Jul 23 18:17:23 2025 India Standard Time elapsed time: 5.811372 seconds (0d 0h 0m 5s)

---------------  T H R E A D  ---------------

Current thread (0x000001c5533b3400):  VMThread "VM Thread" [stack: 0x000000113e300000,0x000000113e400000] [id=11064]

Stack: [0x000000113e300000,0x000000113e400000]
Native frames: (J=compiled Java code, j=interpreted, Vv=VM code, C=native code)
V  [jvm.dll+0x67a04a]
V  [jvm.dll+0x7da4ed]
V  [jvm.dll+0x7dbe33]
V  [jvm.dll+0x7dc4a3]
V  [jvm.dll+0x24508f]
V  [jvm.dll+0x677089]
V  [jvm.dll+0x66bd32]
V  [jvm.dll+0x301fa6]
V  [jvm.dll+0x309546]
V  [jvm.dll+0x359d2e]
V  [jvm.dll+0x359f5f]
V  [jvm.dll+0x2d9078]
V  [jvm.dll+0x2d74ad]
V  [jvm.dll+0x2d6afc]
V  [jvm.dll+0x31a65b]
V  [jvm.dll+0x7e0d9b]
V  [jvm.dll+0x7e1ad4]
V  [jvm.dll+0x7e1fed]
V  [jvm.dll+0x7e23c4]
V  [jvm.dll+0x7e2490]
V  [jvm.dll+0x78abea]
V  [jvm.dll+0x678f35]
C  [ucrtbase.dll+0x21bb2]
C  [KERNEL32.DLL+0x17374]
C  [ntdll.dll+0x4cc91]

VM_Operation (0x000000113f8fa4e0): G1CollectForAllocation, mode: safepoint, requested by thread 0x000001c599d62010


---------------  P R O C E S S  ---------------

Threads class SMR info:
_java_thread_list=0x000001c59d476530, length=23, elements={
0x000001c5308da6f0, 0x000001c5533b6cb0, 0x000001c5533b9590, 0x000001c5533ca800,
0x000001c5533cb0d0, 0x000001c5533cd9b0, 0x000001c5533ce280, 0x000001c5533cee80,
0x000001c5533e25e0, 0x000001c5533d87b0, 0x000001c553535a00, 0x000001c55370d3f0,
0x000001c599196d00, 0x000001c553768e90, 0x000001c59a255c60, 0x000001c599d62010,
0x000001c59a599a80, 0x000001c59b9b4c30, 0x000001c59b9b32e0, 0x000001c59b9b23b0,
0x000001c59b9b37f0, 0x000001c59b9b3d00, 0x000001c59b9b1990
}

Java Threads: ( => current thread )
  0x000001c5308da6f0 JavaThread "main" [_thread_blocked, id=18616, stack(0x000000113dd00000,0x000000113de00000)]
  0x000001c5533b6cb0 JavaThread "Reference Handler" daemon [_thread_blocked, id=7392, stack(0x000000113e400000,0x000000113e500000)]
  0x000001c5533b9590 JavaThread "Finalizer" daemon [_thread_blocked, id=18692, stack(0x000000113e500000,0x000000113e600000)]
  0x000001c5533ca800 JavaThread "Signal Dispatcher" daemon [_thread_blocked, id=6980, stack(0x000000113e600000,0x000000113e700000)]
  0x000001c5533cb0d0 JavaThread "Attach Listener" daemon [_thread_blocked, id=12068, stack(0x000000113e700000,0x000000113e800000)]
  0x000001c5533cd9b0 JavaThread "Service Thread" daemon [_thread_blocked, id=18728, stack(0x000000113e800000,0x000000113e900000)]
  0x000001c5533ce280 JavaThread "Monitor Deflation Thread" daemon [_thread_blocked, id=8376, stack(0x000000113e900000,0x000000113ea00000)]
  0x000001c5533cee80 JavaThread "C2 CompilerThread0" daemon [_thread_blocked, id=19332, stack(0x000000113ea00000,0x000000113eb00000)]
  0x000001c5533e25e0 JavaThread "C1 CompilerThread0" daemon [_thread_blocked, id=13408, stack(0x000000113eb00000,0x000000113ec00000)]
  0x000001c5533d87b0 JavaThread "Sweeper thread" daemon [_thread_blocked, id=14340, stack(0x000000113ec00000,0x000000113ed00000)]
  0x000001c553535a00 JavaThread "Common-Cleaner" daemon [_thread_blocked, id=12588, stack(0x000000113ed00000,0x000000113ee00000)]
  0x000001c55370d3f0 JavaThread "C2 CompilerThread1" daemon [_thread_in_native, id=12944, stack(0x000000113ee00000,0x000000113ef00000)]
  0x000001c599196d00 JavaThread "Monitor Ctrl-Break" daemon [_thread_in_native, id=13272, stack(0x000000113ef00000,0x000000113f000000)]
  0x000001c553768e90 JavaThread "Notification Thread" daemon [_thread_blocked, id=14812, stack(0x000000113f000000,0x000000113f100000)]
  0x000001c59a255c60 JavaThread "Thread-0" [_thread_blocked, id=18672, stack(0x000000113f700000,0x000000113f800000)]
  0x000001c599d62010 JavaThread "restartedMain" [_thread_blocked, id=3280, stack(0x000000113f800000,0x000000113f900000)]
  0x000001c59a599a80 JavaThread "C2 CompilerThread2" daemon [_thread_in_native, id=4112, stack(0x000000113f900000,0x000000113fa00000)]
  0x000001c59b9b4c30 JavaThread "Catalina-utility-1" [_thread_blocked, id=8124, stack(0x000000113fa00000,0x000000113fb00000)]
  0x000001c59b9b32e0 JavaThread "Catalina-utility-2" [_thread_blocked, id=17632, stack(0x000000113fe00000,0x000000113ff00000)]
  0x000001c59b9b23b0 JavaThread "container-0" [_thread_blocked, id=19164, stack(0x000000113ff00000,0x0000001140000000)]
  0x000001c59b9b37f0 JavaThread "PostgreSQL-JDBC-Cleaner" daemon [_thread_blocked, id=12596, stack(0x0000001140100000,0x0000001140200000)]
  0x000001c59b9b3d00 JavaThread "HikariPool-1:housekeeper" daemon [_thread_blocked, id=19316, stack(0x0000001140200000,0x0000001140300000)]
  0x000001c59b9b1990 JavaThread "HikariPool-1:connection-adder" daemon [_thread_blocked, id=7724, stack(0x0000001140300000,0x0000001140400000)]

Other Threads:
=>0x000001c5533b3400 VMThread "VM Thread" [stack: 0x000000113e300000,0x000000113e400000] [id=11064]
  0x000001c53095b950 WatcherThread [stack: 0x000000113f100000,0x000000113f200000] [id=11476]
  0x000001c530941df0 GCTaskThread "GC Thread#0" [stack: 0x000000113de00000,0x000000113df00000] [id=10028]
  0x000001c599ca21c0 GCTaskThread "GC Thread#1" [stack: 0x000000113f200000,0x000000113f300000] [id=1628]
  0x000001c599618670 GCTaskThread "GC Thread#2" [stack: 0x000000113f300000,0x000000113f400000] [id=19120]
  0x000001c599618930 GCTaskThread "GC Thread#3" [stack: 0x000000113f400000,0x000000113f500000] [id=19444]
  0x000001c599ef05a0 GCTaskThread "GC Thread#4" [stack: 0x000000113f500000,0x000000113f600000] [id=8520]
  0x000001c599ef0860 GCTaskThread "GC Thread#5" [stack: 0x000000113f600000,0x000000113f700000] [id=19356]
  0x000001c59a615260 GCTaskThread "GC Thread#6" [stack: 0x000000113fb00000,0x000000113fc00000] [id=17268]
  0x000001c59a973c00 GCTaskThread "GC Thread#7" [stack: 0x000000113fc00000,0x000000113fd00000] [id=18836]
  0x000001c5309535e0 ConcurrentGCThread "G1 Main Marker" [stack: 0x000000113df00000,0x000000113e000000] [id=11908]
  0x000001c530953e00 ConcurrentGCThread "G1 Conc#0" [stack: 0x000000113e000000,0x000000113e100000] [id=10792]
  0x000001c59ba6a6a0 ConcurrentGCThread "G1 Conc#1" [stack: 0x000000113fd00000,0x000000113fe00000] [id=3044]
  0x000001c53099e490 ConcurrentGCThread "G1 Refine#0" [stack: 0x000000113e100000,0x000000113e200000] [id=18740]
  0x000001c5532f17d0 ConcurrentGCThread "G1 Service" [stack: 0x000000113e200000,0x000000113e300000] [id=19408]

Threads with active compile tasks:
C2 CompilerThread0     5823 5515       4       org.springframework.core.annotation.AnnotationsScanner::processMethod (97 bytes)
C1 CompilerThread0     5823 5775       3       java.net.URLStreamHandler::parseURL (1201 bytes)
C2 CompilerThread1     5823 5633   !   4       org.springframework.core.annotation.AnnotationsScanner::processMethodHierarchy (276 bytes)
C2 CompilerThread2     5823 5393       4       org.springframework.core.annotation.AnnotationsScanner::process (55 bytes)

VM state: at safepoint (normal execution)

VM Mutex/Monitor currently owned by a thread:  ([mutex/lock_event])
[0x000001c5308d51e0] Threads_lock - owner thread: 0x000001c5533b3400
[0x000001c5308d5db0] Heap_lock - owner thread: 0x000001c599d62010

Heap address: 0x0000000705800000, size: 4008 MB, Compressed Oops mode: Zero based, Oop shift amount: 3

CDS archive(s) mapped at: [0x000001c554000000-0x000001c554bd0000-0x000001c554bd0000), size 12386304, SharedBaseAddress: 0x000001c554000000, ArchiveRelocationMode: 1.
Compressed class space mapped at: 0x000001c555000000-0x000001c595000000, reserved size: 1073741824
Narrow klass base: 0x000001c554000000, Narrow klass shift: 0, Narrow klass range: 0x100000000

GC Precious Log:
 CPUs: 8 total, 8 available
 Memory: 16026M
 Large Page Support: Disabled
 NUMA Support: Disabled
 Compressed Oops: Enabled (Zero based)
 Heap Region Size: 2M
 Heap Min Capacity: 8M
 Heap Initial Capacity: 252M
 Heap Max Capacity: 4008M
 Pre-touch: Disabled
 Parallel Workers: 8
 Concurrent Workers: 2
 Concurrent Refinement Workers: 8
 Periodic GC: Disabled

Heap:
 garbage-first heap   total 61440K, used 31501K [0x0000000705800000, 0x0000000800000000)
  region size 2048K, 2 young (4096K), 2 survivors (4096K)
 Metaspace       used 64890K, committed 65472K, reserved 1114112K
  class space    used 9016K, committed 9280K, reserved 1048576K

Heap Regions: E=young(eden), S=young(survivor), O=old, HS=humongous(starts), HC=humongous(continues), CS=collection set, F=free, OA=open archive, CA=closed archive, TAMS=top-at-mark-start (previous, next)
|   0|0x0000000705800000, 0x0000000705a00000, 0x0000000705a00000|100%| O|  |TAMS 0x0000000705a00000, 0x0000000705800000| Untracked 
|   1|0x0000000705a00000, 0x0000000705c00000, 0x0000000705c00000|100%| O|  |TAMS 0x0000000705c00000, 0x0000000705a00000| Untracked 
|   2|0x0000000705c00000, 0x0000000705e00000, 0x0000000705e00000|100%| O|  |TAMS 0x0000000705e00000, 0x0000000705c00000| Untracked 
|   3|0x0000000705e00000, 0x0000000705fe4400, 0x0000000706000000| 94%| O|  |TAMS 0x0000000705fe4400, 0x0000000705e00000| Untracked 
|   4|0x0000000706000000, 0x0000000706200000, 0x0000000706200000|100%| O|  |TAMS 0x0000000706200000, 0x0000000706000000| Untracked 
|   5|0x0000000706200000, 0x0000000706400000, 0x0000000706400000|100%| O|  |TAMS 0x0000000706400000, 0x0000000706200000| Untracked 
|   6|0x0000000706400000, 0x0000000706600000, 0x0000000706600000|100%| O|  |TAMS 0x0000000706600000, 0x0000000706400000| Untracked 
|   7|0x0000000706600000, 0x0000000706800000, 0x0000000706800000|100%| O|  |TAMS 0x0000000706800000, 0x0000000706600000| Untracked 
|   8|0x0000000706800000, 0x0000000706a00000, 0x0000000706a00000|100%| O|  |TAMS 0x0000000706a00000, 0x0000000706800000| Untracked 
|   9|0x0000000706a00000, 0x0000000706c00000, 0x0000000706c00000|100%| O|  |TAMS 0x0000000706a19800, 0x0000000706a00000| Untracked 
|  10|0x0000000706c00000, 0x0000000706dbb600, 0x0000000706e00000| 86%| O|  |TAMS 0x0000000706c00000, 0x0000000706c00000| Untracked 
|  11|0x0000000706e00000, 0x0000000707000000, 0x0000000707000000|100%| O|  |TAMS 0x0000000707000000, 0x0000000706e00000| Untracked 
|  12|0x0000000707000000, 0x0000000707200000, 0x0000000707200000|100%| O|  |TAMS 0x0000000707200000, 0x0000000707000000| Untracked 
|  13|0x0000000707200000, 0x0000000707400000, 0x0000000707400000|100%| O|  |TAMS 0x0000000707400000, 0x0000000707200000| Untracked 
|  14|0x0000000707400000, 0x0000000707400000, 0x0000000707600000|  0%| F|  |TAMS 0x0000000707400000, 0x0000000707400000| Untracked 
|  15|0x0000000707600000, 0x0000000707600000, 0x0000000707800000|  0%| F|  |TAMS 0x0000000707600000, 0x0000000707600000| Untracked 
|  16|0x0000000707800000, 0x0000000707800000, 0x0000000707a00000|  0%| F|  |TAMS 0x0000000707800000, 0x0000000707800000| Untracked 
|  17|0x0000000707a00000, 0x0000000707b23c90, 0x0000000707c00000| 56%| S|CS|TAMS 0x0000000707a00000, 0x0000000707a00000| Complete 
|  18|0x0000000707c00000, 0x0000000707c00000, 0x0000000707e00000|  0%| F|  |TAMS 0x0000000707c00000, 0x0000000707c00000| Untracked 
|  19|0x0000000707e00000, 0x0000000707e00000, 0x0000000708000000|  0%| F|  |TAMS 0x0000000707e00000, 0x0000000707e00000| Untracked 
|  20|0x0000000708000000, 0x0000000708200000, 0x0000000708200000|100%| S|CS|TAMS 0x0000000708000000, 0x0000000708000000| Complete 
|  21|0x0000000708200000, 0x0000000708200000, 0x0000000708400000|  0%| F|  |TAMS 0x0000000708200000, 0x0000000708200000| Untracked 
|  22|0x0000000708400000, 0x0000000708400000, 0x0000000708600000|  0%| F|  |TAMS 0x0000000708400000, 0x0000000708400000| Untracked 
|  23|0x0000000708600000, 0x0000000708600000, 0x0000000708800000|  0%| F|  |TAMS 0x0000000708600000, 0x0000000708600000| Untracked 
|  24|0x0000000708800000, 0x0000000708800000, 0x0000000708a00000|  0%| F|  |TAMS 0x0000000708800000, 0x0000000708800000| Untracked 
|  95|0x0000000711600000, 0x0000000711600000, 0x0000000711800000|  0%| F|  |TAMS 0x0000000711600000, 0x0000000711600000| Untracked 
|  96|0x0000000711800000, 0x0000000711800000, 0x0000000711a00000|  0%| F|  |TAMS 0x0000000711800000, 0x0000000711800000| Untracked 
|  97|0x0000000711a00000, 0x0000000711a00000, 0x0000000711c00000|  0%| F|  |TAMS 0x0000000711a00000, 0x0000000711a00000| Untracked 
|  98|0x0000000711c00000, 0x0000000711c00000, 0x0000000711e00000|  0%| F|  |TAMS 0x0000000711c00000, 0x0000000711c00000| Untracked 
| 125|0x0000000715200000, 0x0000000715200000, 0x0000000715400000|  0%| F|  |TAMS 0x0000000715200000, 0x0000000715200000| Untracked 

Card table byte_map: [0x000001c547ca0000,0x000001c548480000] _byte_map_base: 0x000001c544474000

Marking Bits (Prev, Next): (CMBitMap*) 0x000001c530943230, (CMBitMap*) 0x000001c530943270
 Prev Bits: [0x000001c548c60000, 0x000001c54cb00000)
 Next Bits: [0x000001c54cb00000, 0x000001c5509a0000)

Polling page: 0x000001c52e8a0000

Metaspace:

Usage:
  Non-class:     54.56 MB used.
      Class:      8.80 MB used.
       Both:     63.37 MB used.

Virtual space:
  Non-class space:       64.00 MB reserved,      54.88 MB ( 86%) committed,  1 nodes.
      Class space:        1.00 GB reserved,       9.06 MB ( <1%) committed,  1 nodes.
             Both:        1.06 GB reserved,      63.94 MB (  6%) committed. 

Chunk freelists:
   Non-Class:  8.67 MB
       Class:  6.82 MB
        Both:  15.49 MB

MaxMetaspaceSize: unlimited
CompressedClassSpaceSize: 1.00 GB
Initial GC threshold: 21.00 MB
Current GC threshold: 103.12 MB
CDS: on
MetaspaceReclaimPolicy: balanced
 - commit_granule_bytes: 65536.
 - commit_granule_words: 8192.
 - virtual_space_node_default_size: 8388608.
 - enlarge_chunks_in_place: 1.
 - new_chunks_are_fully_committed: 0.
 - uncommit_free_chunks: 1.
 - use_allocation_guard: 0.
 - handle_deallocations: 1.


Internal statistics:

num_allocs_failed_limit: 12.
num_arena_births: 748.
num_arena_deaths: 0.
num_vsnodes_births: 2.
num_vsnodes_deaths: 0.
num_space_committed: 1023.
num_space_uncommitted: 0.
num_chunks_returned_to_freelist: 12.
num_chunks_taken_from_freelist: 3162.
num_chunk_merges: 9.
num_chunk_splits: 2289.
num_chunks_enlarged: 1809.
num_inconsistent_stats: 0.

CodeHeap 'non-profiled nmethods': size=120000Kb used=3479Kb max_used=3564Kb free=116520Kb
 bounds [0x000001c53fc60000, 0x000001c540010000, 0x000001c547190000]
CodeHeap 'profiled nmethods': size=120000Kb used=9884Kb max_used=11121Kb free=110115Kb
 bounds [0x000001c538190000, 0x000001c538c70000, 0x000001c53f6c0000]
CodeHeap 'non-nmethods': size=5760Kb used=1326Kb max_used=1382Kb free=4433Kb
 bounds [0x000001c53f6c0000, 0x000001c53f930000, 0x000001c53fc60000]
 total_blobs=5569 nmethods=4929 adapters=552
 compilation: enabled
              stopped_count=0, restarted_count=0
 full_count=0

Compilation events (20 events):
Event: 5.762 Thread 0x000001c5533e25e0 nmethod 5763 0x000001c5384baa90 code [0x000001c5384bac60, 0x000001c5384baff8]
Event: 5.762 Thread 0x000001c5533e25e0 5764   !   2       org.springframework.core.$Proxy6::hashCode (32 bytes)
Event: 5.762 Thread 0x000001c5533e25e0 nmethod 5764 0x000001c53890f410 code [0x000001c53890f5c0, 0x000001c53890f858]
Event: 5.763 Thread 0x000001c5533e25e0 5765       3       java.lang.String::indexOf (18 bytes)
Event: 5.763 Thread 0x000001c5533e25e0 nmethod 5765 0x000001c53898bc90 code [0x000001c53898be60, 0x000001c53898c128]
Event: 5.763 Thread 0x000001c5533e25e0 5766       2       org.springframework.asm.ClassReader::readField (667 bytes)
Event: 5.764 Thread 0x000001c5533e25e0 nmethod 5766 0x000001c538aca610 code [0x000001c538acaa40, 0x000001c538acbe28]
Event: 5.764 Thread 0x000001c5533e25e0 5768       2       org.springframework.core.SerializableTypeWrapper::unwrap (36 bytes)
Event: 5.764 Thread 0x000001c5533e25e0 nmethod 5768 0x000001c53890ef10 code [0x000001c53890f0c0, 0x000001c53890f2d8]
Event: 5.764 Thread 0x000001c5533e25e0 5769       2       org.springframework.core.MethodParameter::getParameterType (48 bytes)
Event: 5.764 Thread 0x000001c5533e25e0 nmethod 5769 0x000001c53898b690 code [0x000001c53898b860, 0x000001c53898baf8]
Event: 5.764 Thread 0x000001c5533e25e0 5767       2       java.lang.reflect.Method::getParameterAnnotations (13 bytes)
Event: 5.765 Thread 0x000001c5533e25e0 nmethod 5767 0x000001c538b13710 code [0x000001c538b138a0, 0x000001c538b139c8]
Event: 5.766 Thread 0x000001c5533e25e0 5770       3       org.springframework.core.annotation.TypeMappedAnnotations$MergedAnnotationFinder::doWithAnnotations (75 bytes)
Event: 5.767 Thread 0x000001c5533e25e0 nmethod 5770 0x000001c53898ae90 code [0x000001c53898b060, 0x000001c53898b478]
Event: 5.767 Thread 0x000001c5533e25e0 5771   !   2       jdk.proxy2.$Proxy73::annotationType (29 bytes)
Event: 5.768 Thread 0x000001c5533e25e0 nmethod 5771 0x000001c538b58d90 code [0x000001c538b58f40, 0x000001c538b591b8]
Event: 5.773 Thread 0x000001c5533e25e0 5773   !   3       java.net.URL::<init> (543 bytes)
Event: 5.776 Thread 0x000001c5533e25e0 nmethod 5773 0x000001c538acd110 code [0x000001c538acd7a0, 0x000001c538ad1148]
Event: 5.789 Thread 0x000001c5533e25e0 5775       3       java.net.URLStreamHandler::parseURL (1201 bytes)

GC Heap History (20 events):
Event: 2.395 GC heap after
{Heap after GC invocations=6 (full 0):
 garbage-first heap   total 61440K, used 18411K [0x0000000705800000, 0x0000000800000000)
  region size 2048K, 1 young (2048K), 1 survivors (2048K)
 Metaspace       used 27497K, committed 27840K, reserved 1114112K
  class space    used 3564K, committed 3712K, reserved 1048576K
}
Event: 2.824 GC heap before
{Heap before GC invocations=6 (full 0):
 garbage-first heap   total 61440K, used 38891K [0x0000000705800000, 0x0000000800000000)
  region size 2048K, 12 young (24576K), 1 survivors (2048K)
 Metaspace       used 32213K, committed 32640K, reserved 1114112K
  class space    used 4210K, committed 4416K, reserved 1048576K
}
Event: 2.827 GC heap after
{Heap after GC invocations=7 (full 0):
 garbage-first heap   total 61440K, used 20652K [0x0000000705800000, 0x0000000800000000)
  region size 2048K, 2 young (4096K), 2 survivors (4096K)
 Metaspace       used 32213K, committed 32640K, reserved 1114112K
  class space    used 4210K, committed 4416K, reserved 1048576K
}
Event: 3.140 GC heap before
{Heap before GC invocations=7 (full 0):
 garbage-first heap   total 61440K, used 39084K [0x0000000705800000, 0x0000000800000000)
  region size 2048K, 12 young (24576K), 2 survivors (4096K)
 Metaspace       used 35437K, committed 35840K, reserved 1114112K
  class space    used 4631K, committed 4800K, reserved 1048576K
}
Event: 3.143 GC heap after
{Heap after GC invocations=8 (full 0):
 garbage-first heap   total 61440K, used 22367K [0x0000000705800000, 0x0000000800000000)
  region size 2048K, 1 young (2048K), 1 survivors (2048K)
 Metaspace       used 35437K, committed 35840K, reserved 1114112K
  class space    used 4631K, committed 4800K, reserved 1048576K
}
Event: 3.148 GC heap before
{Heap before GC invocations=8 (full 0):
 garbage-first heap   total 61440K, used 22367K [0x0000000705800000, 0x0000000800000000)
  region size 2048K, 2 young (4096K), 1 survivors (2048K)
 Metaspace       used 35555K, committed 35968K, reserved 1114112K
  class space    used 4641K, committed 4864K, reserved 1048576K
}
Event: 3.150 GC heap after
{Heap after GC invocations=9 (full 0):
 garbage-first heap   total 61440K, used 22022K [0x0000000705800000, 0x0000000800000000)
  region size 2048K, 1 young (2048K), 1 survivors (2048K)
 Metaspace       used 35555K, committed 35968K, reserved 1114112K
  class space    used 4641K, committed 4864K, reserved 1048576K
}
Event: 3.551 GC heap before
{Heap before GC invocations=10 (full 0):
 garbage-first heap   total 61440K, used 42502K [0x0000000705800000, 0x0000000800000000)
  region size 2048K, 12 young (24576K), 1 survivors (2048K)
 Metaspace       used 41043K, committed 41536K, reserved 1114112K
  class space    used 5540K, committed 5760K, reserved 1048576K
}
Event: 3.553 GC heap after
{Heap after GC invocations=11 (full 0):
 garbage-first heap   total 61440K, used 23234K [0x0000000705800000, 0x0000000800000000)
  region size 2048K, 2 young (4096K), 2 survivors (4096K)
 Metaspace       used 41043K, committed 41536K, reserved 1114112K
  class space    used 5540K, committed 5760K, reserved 1048576K
}
Event: 4.070 GC heap before
{Heap before GC invocations=11 (full 0):
 garbage-first heap   total 61440K, used 43714K [0x0000000705800000, 0x0000000800000000)
  region size 2048K, 12 young (24576K), 2 survivors (4096K)
 Metaspace       used 46480K, committed 46976K, reserved 1114112K
  class space    used 6262K, committed 6528K, reserved 1048576K
}
Event: 4.073 GC heap after
{Heap after GC invocations=12 (full 0):
 garbage-first heap   total 61440K, used 24516K [0x0000000705800000, 0x0000000800000000)
  region size 2048K, 2 young (4096K), 2 survivors (4096K)
 Metaspace       used 46480K, committed 46976K, reserved 1114112K
  class space    used 6262K, committed 6528K, reserved 1048576K
}
Event: 4.456 GC heap before
{Heap before GC invocations=12 (full 0):
 garbage-first heap   total 61440K, used 47044K [0x0000000705800000, 0x0000000800000000)
  region size 2048K, 13 young (26624K), 2 survivors (4096K)
 Metaspace       used 52726K, committed 53184K, reserved 1114112K
  class space    used 7154K, committed 7360K, reserved 1048576K
}
Event: 4.459 GC heap after
{Heap after GC invocations=13 (full 0):
 garbage-first heap   total 61440K, used 25791K [0x0000000705800000, 0x0000000800000000)
  region size 2048K, 2 young (4096K), 2 survivors (4096K)
 Metaspace       used 52726K, committed 53184K, reserved 1114112K
  class space    used 7154K, committed 7360K, reserved 1048576K
}
Event: 4.810 GC heap before
{Heap before GC invocations=13 (full 0):
 garbage-first heap   total 61440K, used 46271K [0x0000000705800000, 0x0000000800000000)
  region size 2048K, 12 young (24576K), 2 survivors (4096K)
 Metaspace       used 57328K, committed 57856K, reserved 1114112K
  class space    used 7929K, committed 8192K, reserved 1048576K
}
Event: 4.814 GC heap after
{Heap after GC invocations=14 (full 0):
 garbage-first heap   total 61440K, used 26668K [0x0000000705800000, 0x0000000800000000)
  region size 2048K, 2 young (4096K), 2 survivors (4096K)
 Metaspace       used 57328K, committed 57856K, reserved 1114112K
  class space    used 7929K, committed 8192K, reserved 1048576K
}
Event: 5.104 GC heap before
{Heap before GC invocations=14 (full 0):
 garbage-first heap   total 61440K, used 41004K [0x0000000705800000, 0x0000000800000000)
  region size 2048K, 11 young (22528K), 2 survivors (4096K)
 Metaspace       used 59764K, committed 60288K, reserved 1114112K
  class space    used 8197K, committed 8448K, reserved 1048576K
}
Event: 5.108 GC heap after
{Heap after GC invocations=15 (full 0):
 garbage-first heap   total 61440K, used 28518K [0x0000000705800000, 0x0000000800000000)
  region size 2048K, 2 young (4096K), 2 survivors (4096K)
 Metaspace       used 59764K, committed 60288K, reserved 1114112K
  class space    used 8197K, committed 8448K, reserved 1048576K
}
Event: 5.470 GC heap before
{Heap before GC invocations=16 (full 0):
 garbage-first heap   total 61440K, used 46950K [0x0000000705800000, 0x0000000800000000)
  region size 2048K, 11 young (22528K), 2 survivors (4096K)
 Metaspace       used 62560K, committed 63104K, reserved 1114112K
  class space    used 8691K, committed 8960K, reserved 1048576K
}
Event: 5.474 GC heap after
{Heap after GC invocations=17 (full 0):
 garbage-first heap   total 61440K, used 30246K [0x0000000705800000, 0x0000000800000000)
  region size 2048K, 2 young (4096K), 2 survivors (4096K)
 Metaspace       used 62560K, committed 63104K, reserved 1114112K
  class space    used 8691K, committed 8960K, reserved 1048576K
}
Event: 5.794 GC heap before
{Heap before GC invocations=18 (full 0):
 garbage-first heap   total 61440K, used 48678K [0x0000000705800000, 0x0000000800000000)
  region size 2048K, 11 young (22528K), 2 survivors (4096K)
 Metaspace       used 64890K, committed 65472K, reserved 1114112K
  class space    used 9016K, committed 9280K, reserved 1048576K
}

Deoptimization events (20 events):
Event: 5.706 Thread 0x000001c599d62010 Uncommon trap: trap_request=0xffffffc6 fr.pc=0x000001c53fead728 relative=0x00000000000004e8
Event: 5.706 Thread 0x000001c599d62010 Uncommon trap: reason=bimorphic_or_optimized_type_check action=maybe_recompile pc=0x000001c53fead728 method=java.util.ImmutableCollections$MapN.probe(Ljava/lang/Object;)I @ 1 c2
Event: 5.706 Thread 0x000001c599d62010 DEOPT PACKING pc=0x000001c53fead728 sp=0x000000113f8fa790
Event: 5.706 Thread 0x000001c599d62010 DEOPT UNPACKING pc=0x000001c53f715ba3 sp=0x000000113f8fa740 mode 2
Event: 5.719 Thread 0x000001c599d62010 Uncommon trap: trap_request=0xffffffde fr.pc=0x000001c53fe13f80 relative=0x00000000000000c0
Event: 5.719 Thread 0x000001c599d62010 Uncommon trap: reason=class_check action=maybe_recompile pc=0x000001c53fe13f80 method=org.springframework.core.SerializableTypeWrapper.unwrap(Ljava/lang/reflect/Type;)Ljava/lang/reflect/Type; @ 20 c2
Event: 5.719 Thread 0x000001c599d62010 DEOPT PACKING pc=0x000001c53fe13f80 sp=0x000000113f8f7ff0
Event: 5.719 Thread 0x000001c599d62010 DEOPT UNPACKING pc=0x000001c53f715ba3 sp=0x000000113f8f7f78 mode 2
Event: 5.751 Thread 0x000001c599d62010 Uncommon trap: trap_request=0xffffff45 fr.pc=0x000001c53ff3567c relative=0x000000000000229c
Event: 5.751 Thread 0x000001c599d62010 Uncommon trap: reason=unstable_if action=reinterpret pc=0x000001c53ff3567c method=java.net.URL.<init>(Ljava/net/URL;Ljava/lang/String;Ljava/net/URLStreamHandler;)V @ 30 c2
Event: 5.751 Thread 0x000001c599d62010 DEOPT PACKING pc=0x000001c53ff3567c sp=0x000000113f8f9a80
Event: 5.751 Thread 0x000001c599d62010 DEOPT UNPACKING pc=0x000001c53f715ba3 sp=0x000000113f8f9a50 mode 2
Event: 5.751 Thread 0x000001c599d62010 Uncommon trap: trap_request=0xffffff45 fr.pc=0x000001c53ffb2860 relative=0x00000000000037c0
Event: 5.751 Thread 0x000001c599d62010 Uncommon trap: reason=unstable_if action=reinterpret pc=0x000001c53ffb2860 method=java.net.URL.isBuiltinStreamHandler(Ljava/net/URLStreamHandler;)Z @ 13 c2
Event: 5.751 Thread 0x000001c599d62010 DEOPT PACKING pc=0x000001c53ffb2860 sp=0x000000113f8f9960
Event: 5.751 Thread 0x000001c599d62010 DEOPT UNPACKING pc=0x000001c53f715ba3 sp=0x000000113f8f9830 mode 2
Event: 5.766 Thread 0x000001c599d62010 Uncommon trap: trap_request=0xffffff45 fr.pc=0x000001c53fe5a1b4 relative=0x0000000000001974
Event: 5.766 Thread 0x000001c599d62010 Uncommon trap: reason=unstable_if action=reinterpret pc=0x000001c53fe5a1b4 method=org.springframework.core.annotation.TypeMappedAnnotations$MergedAnnotationFinder.process(Ljava/lang/Object;ILjava/lang/Object;Ljava/lang/annotation/Annotation;)Lorg/springfr
Event: 5.766 Thread 0x000001c599d62010 DEOPT PACKING pc=0x000001c53fe5a1b4 sp=0x000000113f8faa50
Event: 5.766 Thread 0x000001c599d62010 DEOPT UNPACKING pc=0x000001c53f715ba3 sp=0x000000113f8fa998 mode 2

Classes unloaded (0 events):
No events

Classes redefined (0 events):
No events

Internal exceptions (20 events):
Event: 4.733 Thread 0x000001c599d62010 Exception <a 'java/lang/NoSuchMethodError'{0x0000000708598030}: 'java.lang.Object java.lang.invoke.Invokers$Holder.linkToTargetMethod(java.lang.Object, java.lang.Object, java.lang.Object, java.lang.Object, java.lang.Object, java.lang.Object, java.lang.Object, java.lang.Object, java.lang.Object, java.lang.Object, java.lang.Object, java.lang.Object)'> (0x0000000708598030) 
thrown [s\open\src\hotspot\share\interpreter\linkResolver.cpp, line 759]
Event: 4.751 Thread 0x000001c599d62010 Exception <a 'java/lang/IncompatibleClassChangeError'{0x000000070832af60}: Found class java.lang.Object, but interface was expected> (0x000000070832af60) 
thrown [s\open\src\hotspot\share\interpreter\linkResolver.cpp, line 826]
Event: 4.757 Thread 0x000001c599d62010 Exception <a 'java/lang/NoSuchMethodError'{0x00000007083a9960}: 'java.lang.Object java.lang.invoke.DirectMethodHandle$Holder.newInvokeSpecial(java.lang.Object, java.lang.Object, java.lang.Object, java.lang.Object, java.lang.Object, java.lang.Object, java.lang.Object, int)'> (0x00000007083a9960) 
thrown [s\open\src\hotspot\share\interpreter\linkResolver.cpp, line 759]
Event: 4.757 Thread 0x000001c599d62010 Exception <a 'java/lang/NoSuchMethodError'{0x00000007083ae958}: 'java.lang.Object java.lang.invoke.DirectMethodHandle$Holder.invokeSpecial(java.lang.Object, java.lang.Object, java.lang.Object, java.lang.Object, java.lang.Object, java.lang.Object, java.lang.Object, java.lang.Object, int)'> (0x00000007083ae958) 
thrown [s\open\src\hotspot\share\interpreter\linkResolver.cpp, line 759]
Event: 4.757 Thread 0x000001c599d62010 Exception <a 'java/lang/NoSuchMethodError'{0x00000007083b3420}: 'java.lang.Object java.lang.invoke.Invokers$Holder.linkToTargetMethod(java.lang.Object, java.lang.Object, java.lang.Object, java.lang.Object, java.lang.Object, java.lang.Object, int, java.lang.Object)'> (0x00000007083b3420) 
thrown [s\open\src\hotspot\share\interpreter\linkResolver.cpp, line 759]
Event: 4.914 Thread 0x000001c599d62010 Exception <a 'sun/nio/fs/WindowsException'{0x0000000711a85aa8}> (0x0000000711a85aa8) 
thrown [s\open\src\hotspot\share\prims\jni.cpp, line 516]
Event: 5.048 Thread 0x000001c599d62010 Exception <a 'java/lang/IncompatibleClassChangeError'{0x00000007087d7598}: Found class java.lang.Object, but interface was expected> (0x00000007087d7598) 
thrown [s\open\src\hotspot\share\interpreter\linkResolver.cpp, line 826]
Event: 5.080 Thread 0x000001c599d62010 Exception <a 'java/lang/IncompatibleClassChangeError'{0x0000000708590240}: Found class java.lang.Object, but interface was expected> (0x0000000708590240) 
thrown [s\open\src\hotspot\share\interpreter\linkResolver.cpp, line 826]
Event: 5.213 Thread 0x000001c599d62010 Exception <a 'java/lang/IncompatibleClassChangeError'{0x0000000711b04088}: Found class java.lang.Object, but interface was expected> (0x0000000711b04088) 
thrown [s\open\src\hotspot\share\interpreter\linkResolver.cpp, line 826]
Event: 5.247 Thread 0x000001c599d62010 Exception <a 'java/lang/reflect/InvocationTargetException'{0x0000000711952270}> (0x0000000711952270) 
thrown [s\open\src\hotspot\share\runtime\reflection.cpp, line 1121]
Event: 5.258 Thread 0x000001c599d62010 Exception <a 'java/lang/NoSuchMethodError'{0x00000007119b46d0}: 'int java.lang.invoke.DirectMethodHandle$Holder.invokeStatic(java.lang.Object, java.lang.Object, int)'> (0x00000007119b46d0) 
thrown [s\open\src\hotspot\share\interpreter\linkResolver.cpp, line 759]
Event: 5.266 Thread 0x000001c599d62010 Exception <a 'java/lang/IncompatibleClassChangeError'{0x00000007119f9e18}: Found class java.lang.Object, but interface was expected> (0x00000007119f9e18) 
thrown [s\open\src\hotspot\share\interpreter\linkResolver.cpp, line 826]
Event: 5.305 Thread 0x000001c599d62010 Exception <a 'java/lang/NoSuchMethodError'{0x00000007117af000}: 'java.lang.Object java.lang.invoke.DirectMethodHandle$Holder.invokeStatic(java.lang.Object, int, java.lang.Object)'> (0x00000007117af000) 
thrown [s\open\src\hotspot\share\interpreter\linkResolver.cpp, line 759]
Event: 5.310 Thread 0x000001c599d62010 Exception <a 'java/lang/reflect/InvocationTargetException'{0x00000007117e8298}> (0x00000007117e8298) 
thrown [s\open\src\hotspot\share\runtime\reflection.cpp, line 1121]
Event: 5.312 Thread 0x000001c599d62010 Exception <a 'java/lang/reflect/InvocationTargetException'{0x00000007117fc388}> (0x00000007117fc388) 
thrown [s\open\src\hotspot\share\runtime\reflection.cpp, line 1121]
Event: 5.363 Thread 0x000001c599d62010 Exception <a 'java/lang/reflect/InvocationTargetException'{0x00000007086c1808}> (0x00000007086c1808) 
thrown [s\open\src\hotspot\share\runtime\reflection.cpp, line 1121]
Event: 5.365 Thread 0x000001c599d62010 Exception <a 'java/lang/reflect/InvocationTargetException'{0x00000007086cc178}> (0x00000007086cc178) 
thrown [s\open\src\hotspot\share\runtime\reflection.cpp, line 1121]
Event: 5.463 Thread 0x000001c599d62010 Exception <a 'java/lang/reflect/InvocationTargetException'{0x000000070838adb0}> (0x000000070838adb0) 
thrown [s\open\src\hotspot\share\runtime\reflection.cpp, line 1121]
Event: 5.468 Thread 0x000001c599d62010 Exception <a 'java/lang/reflect/InvocationTargetException'{0x00000007083a9680}> (0x00000007083a9680) 
thrown [s\open\src\hotspot\share\runtime\reflection.cpp, line 1121]
Event: 5.734 Thread 0x000001c599d62010 Exception <a 'java/lang/IncompatibleClassChangeError'{0x0000000708449ff8}: Found class java.lang.Object, but interface was expected> (0x0000000708449ff8) 
thrown [s\open\src\hotspot\share\interpreter\linkResolver.cpp, line 826]

VM Operations (20 events):
Event: 5.220 Executing VM operation: HandshakeAllThreads done
Event: 5.470 Executing VM operation: G1CollectForAllocation
Event: 5.474 Executing VM operation: G1CollectForAllocation done
Event: 5.501 Executing VM operation: G1Concurrent
Event: 5.503 Executing VM operation: G1Concurrent done
Event: 5.503 Executing VM operation: G1Concurrent
Event: 5.503 Executing VM operation: G1Concurrent done
Event: 5.657 Executing VM operation: HandshakeAllThreads
Event: 5.657 Executing VM operation: HandshakeAllThreads done
Event: 5.665 Executing VM operation: HandshakeAllThreads
Event: 5.665 Executing VM operation: HandshakeAllThreads done
Event: 5.684 Executing VM operation: HandshakeAllThreads
Event: 5.684 Executing VM operation: HandshakeAllThreads done
Event: 5.684 Executing VM operation: HandshakeAllThreads
Event: 5.684 Executing VM operation: HandshakeAllThreads done
Event: 5.743 Executing VM operation: HandshakeAllThreads
Event: 5.743 Executing VM operation: HandshakeAllThreads done
Event: 5.761 Executing VM operation: HandshakeAllThreads
Event: 5.761 Executing VM operation: HandshakeAllThreads done
Event: 5.794 Executing VM operation: G1CollectForAllocation

Events (20 events):
Event: 5.291 loading class java/util/regex/Pattern$LookBehindEndNode
Event: 5.292 loading class java/util/regex/Pattern$LookBehindEndNode done
Event: 5.292 loading class java/util/regex/Pattern$NotBehind
Event: 5.292 loading class java/util/regex/Pattern$NotBehind done
Event: 5.292 loading class java/util/regex/Pattern$Neg
Event: 5.292 loading class java/util/regex/Pattern$Neg done
Event: 5.292 loading class java/util/regex/Pattern$Behind
Event: 5.292 loading class java/util/regex/Pattern$Behind done
Event: 5.380 loading class java/time/Duration$1
Event: 5.380 loading class java/time/Duration$1 done
Event: 5.537 loading class java/time/DurationEditor
Event: 5.537 loading class java/time/DurationEditor done
Event: 5.623 loading class java/util/Comparators$NullComparator
Event: 5.623 loading class java/util/Comparators$NullComparator done
Event: 5.623 loading class java/util/EnumMap$Values
Event: 5.623 loading class java/util/EnumMap$Values done
Event: 5.623 loading class java/util/EnumMap$ValueIterator
Event: 5.623 loading class java/util/EnumMap$ValueIterator done
Event: 5.657 loading class java/util/ArrayList$ListItr
Event: 5.657 loading class java/util/ArrayList$ListItr done


Dynamic libraries:
0x00007ff659e80000 - 0x00007ff659e90000 	C:\Program Files\Java\jdk-17\bin\java.exe
0x00007fff67470000 - 0x00007fff67668000 	C:\windows\SYSTEM32\ntdll.dll
0x00007fff66650000 - 0x00007fff66712000 	C:\windows\System32\KERNEL32.DLL
0x00007fff64c00000 - 0x00007fff64ef6000 	C:\windows\System32\KERNELBASE.dll
0x00007fff64b00000 - 0x00007fff64c00000 	C:\windows\System32\ucrtbase.dll
0x00007fff61d20000 - 0x00007fff61d3b000 	C:\Program Files\Java\jdk-17\bin\VCRUNTIME140.dll
0x00007fff61d00000 - 0x00007fff61d19000 	C:\Program Files\Java\jdk-17\bin\jli.dll
0x00007fff66ee0000 - 0x00007fff66f91000 	C:\windows\System32\ADVAPI32.dll
0x00007fff66dc0000 - 0x00007fff66e5e000 	C:\windows\System32\msvcrt.dll
0x00007fff66720000 - 0x00007fff667bf000 	C:\windows\System32\sechost.dll
0x00007fff655d0000 - 0x00007fff656f3000 	C:\windows\System32\RPCRT4.dll
0x00007fff65410000 - 0x00007fff65437000 	C:\windows\System32\bcrypt.dll
0x00007fff66840000 - 0x00007fff669dd000 	C:\windows\System32\USER32.dll
0x00007fff65140000 - 0x00007fff65162000 	C:\windows\System32\win32u.dll
0x00007fff49020000 - 0x00007fff492ba000 	C:\windows\WinSxS\amd64_microsoft.windows.common-controls_6595b64144ccf1df_6.0.19041.5915_none_60b4b9d171f9c7c7\COMCTL32.dll
0x00007fff65ba0000 - 0x00007fff65bcb000 	C:\windows\System32\GDI32.dll
0x00007fff64f80000 - 0x00007fff65099000 	C:\windows\System32\gdi32full.dll
0x00007fff650a0000 - 0x00007fff6513d000 	C:\windows\System32\msvcp_win.dll
0x00007fff5c830000 - 0x00007fff5c83a000 	C:\windows\SYSTEM32\VERSION.dll
0x00007fff65760000 - 0x00007fff6578f000 	C:\windows\System32\IMM32.DLL
0x00007fff61cf0000 - 0x00007fff61cfc000 	C:\Program Files\Java\jdk-17\bin\vcruntime140_1.dll
0x00007fff4bbf0000 - 0x00007fff4bc7e000 	C:\Program Files\Java\jdk-17\bin\msvcp140.dll
0x00007ffec4350000 - 0x00007ffec4f30000 	C:\Program Files\Java\jdk-17\bin\server\jvm.dll
0x00007fff65bd0000 - 0x00007fff65bd8000 	C:\windows\System32\PSAPI.DLL
0x00007fff44450000 - 0x00007fff44459000 	C:\windows\SYSTEM32\WSOCK32.dll
0x00007fff4b5d0000 - 0x00007fff4b5f7000 	C:\windows\SYSTEM32\WINMM.dll
0x00007fff66e60000 - 0x00007fff66ecb000 	C:\windows\System32\WS2_32.dll
0x00007fff632e0000 - 0x00007fff632f2000 	C:\windows\SYSTEM32\kernel.appcore.dll
0x00007fff5e310000 - 0x00007fff5e31a000 	C:\Program Files\Java\jdk-17\bin\jimage.dll
0x00007fff62800000 - 0x00007fff62a01000 	C:\windows\SYSTEM32\DBGHELP.DLL
0x00007fff48640000 - 0x00007fff48674000 	C:\windows\SYSTEM32\dbgcore.DLL
0x00007fff65380000 - 0x00007fff65402000 	C:\windows\System32\bcryptPrimitives.dll
0x00007fff5d8f0000 - 0x00007fff5d8fe000 	C:\Program Files\Java\jdk-17\bin\instrument.dll
0x00007fff5c1f0000 - 0x00007fff5c215000 	C:\Program Files\Java\jdk-17\bin\java.dll
0x00007fff4ba80000 - 0x00007fff4bb57000 	C:\Program Files\Java\jdk-17\bin\jsvml.dll
0x00007fff65d90000 - 0x00007fff664fe000 	C:\windows\System32\SHELL32.dll
0x00007fff62a10000 - 0x00007fff631b4000 	C:\windows\SYSTEM32\windows.storage.dll
0x00007fff65840000 - 0x00007fff65b93000 	C:\windows\System32\combase.dll
0x00007fff64530000 - 0x00007fff6455b000 	C:\windows\SYSTEM32\Wldp.dll
0x00007fff66b00000 - 0x00007fff66bcd000 	C:\windows\System32\OLEAUT32.dll
0x00007fff65790000 - 0x00007fff6583d000 	C:\windows\System32\SHCORE.dll
0x00007fff66c30000 - 0x00007fff66c8b000 	C:\windows\System32\shlwapi.dll
0x00007fff64a30000 - 0x00007fff64a54000 	C:\windows\SYSTEM32\profapi.dll
0x00007fff559b0000 - 0x00007fff559c8000 	C:\Program Files\Java\jdk-17\bin\zip.dll
0x00007fff5c300000 - 0x00007fff5c319000 	C:\Program Files\Java\jdk-17\bin\net.dll
0x00007fff60bf0000 - 0x00007fff60cfa000 	C:\windows\SYSTEM32\WINHTTP.dll
0x00007fff64290000 - 0x00007fff642fa000 	C:\windows\system32\mswsock.dll
0x00007fff5c1d0000 - 0x00007fff5c1e6000 	C:\Program Files\Java\jdk-17\bin\nio.dll
0x00007fff528d0000 - 0x00007fff528ea000 	C:\Program Files\JetBrains\IntelliJ IDEA Community Edition 2024.1.4\bin\breakgen64.dll
0x00007fff5d8d0000 - 0x00007fff5d8da000 	C:\Program Files\Java\jdk-17\bin\management.dll
0x00007fff55990000 - 0x00007fff5599b000 	C:\Program Files\Java\jdk-17\bin\management_ext.dll
0x00007fff528c0000 - 0x00007fff528ce000 	C:\Program Files\Java\jdk-17\bin\sunmscapi.dll
0x00007fff65220000 - 0x00007fff6537d000 	C:\windows\System32\CRYPT32.dll
0x00007fff645a0000 - 0x00007fff645c7000 	C:\windows\SYSTEM32\ncrypt.dll
0x00007fff64560000 - 0x00007fff6459b000 	C:\windows\SYSTEM32\NTASN1.dll
0x00007fff64480000 - 0x00007fff64498000 	C:\windows\SYSTEM32\CRYPTSP.dll
0x00007fff63b10000 - 0x00007fff63b48000 	C:\windows\system32\rsaenh.dll
0x00007fff649f0000 - 0x00007fff64a1e000 	C:\windows\SYSTEM32\USERENV.dll
0x00007fff644a0000 - 0x00007fff644ac000 	C:\windows\SYSTEM32\CRYPTBASE.dll
0x00007fff63f20000 - 0x00007fff63f5b000 	C:\windows\SYSTEM32\IPHLPAPI.DLL
0x00007fff66ed0000 - 0x00007fff66ed8000 	C:\windows\System32\NSI.dll
0x00007fff5c740000 - 0x00007fff5c757000 	C:\windows\SYSTEM32\dhcpcsvc6.DLL
0x00007fff5c6f0000 - 0x00007fff5c70d000 	C:\windows\SYSTEM32\dhcpcsvc.DLL
0x00007fff63f70000 - 0x00007fff6403a000 	C:\windows\SYSTEM32\DNSAPI.dll
0x00007fff45b40000 - 0x00007fff45b50000 	C:\Program Files\Java\jdk-17\bin\verify.dll
0x00007fff5ca40000 - 0x00007fff5ca4a000 	C:\Windows\System32\rasadhlp.dll
0x00007fff57d30000 - 0x00007fff57db0000 	C:\windows\System32\fwpuclnt.dll

dbghelp: loaded successfully - version: 4.0.5 - missing functions: none
symbol engine: initialized successfully - sym options: 0x614 - pdb path: .;C:\Program Files\Java\jdk-17\bin;C:\windows\SYSTEM32;C:\windows\WinSxS\amd64_microsoft.windows.common-controls_6595b64144ccf1df_6.0.19041.5915_none_60b4b9d171f9c7c7;C:\Program Files\Java\jdk-17\bin\server;C:\Program Files\JetBrains\IntelliJ IDEA Community Edition 2024.1.4\bin

VM Arguments:
jvm_args: -javaagent:C:\Program Files\JetBrains\IntelliJ IDEA Community Edition 2024.1.4\lib\idea_rt.jar=60011:C:\Program Files\JetBrains\IntelliJ IDEA Community Edition 2024.1.4\bin -Dfile.encoding=UTF-8 
java_command: com.stock.demo.DemoApplication
java_class_path (initial): D:\projects\stock-monitor-backend\demo\target\classes;C:\Users\Admin\.m2\repository\org\springframework\boot\spring-boot-starter-data-jpa\3.5.0\spring-boot-starter-data-jpa-3.5.0.jar;C:\Users\Admin\.m2\repository\org\springframework\boot\spring-boot-starter\3.5.0\spring-boot-starter-3.5.0.jar;C:\Users\Admin\.m2\repository\org\springframework\boot\spring-boot-starter-logging\3.5.0\spring-boot-starter-logging-3.5.0.jar;C:\Users\Admin\.m2\repository\ch\qos\logback\logback-classic\1.5.18\logback-classic-1.5.18.jar;C:\Users\Admin\.m2\repository\ch\qos\logback\logback-core\1.5.18\logback-core-1.5.18.jar;C:\Users\Admin\.m2\repository\org\apache\logging\log4j\log4j-to-slf4j\2.24.3\log4j-to-slf4j-2.24.3.jar;C:\Users\Admin\.m2\repository\org\apache\logging\log4j\log4j-api\2.24.3\log4j-api-2.24.3.jar;C:\Users\Admin\.m2\repository\org\slf4j\jul-to-slf4j\2.0.17\jul-to-slf4j-2.0.17.jar;C:\Users\Admin\.m2\repository\jakarta\annotation\jakarta.annotation-api\2.1.1\jakarta.annotation-api-2.1.1.jar;C:\Users\Admin\.m2\repository\org\yaml\snakeyaml\2.4\snakeyaml-2.4.jar;C:\Users\Admin\.m2\repository\org\springframework\boot\spring-boot-starter-jdbc\3.5.0\spring-boot-starter-jdbc-3.5.0.jar;C:\Users\Admin\.m2\repository\com\zaxxer\HikariCP\6.3.0\HikariCP-6.3.0.jar;C:\Users\Admin\.m2\repository\org\springframework\spring-jdbc\6.2.7\spring-jdbc-6.2.7.jar;C:\Users\Admin\.m2\repository\org\hibernate\orm\hibernate-core\6.6.15.Final\hibernate-core-6.6.15.Final.jar;C:\Users\Admin\.m2\repository\jakarta\persistence\jakarta.persistence-api\3.1.0\jakarta.persistence-api-3.1.0.jar;C:\Users\Admin\.m2\repository\jakarta\transaction\jakarta.transaction-api\2.0.1\jakarta.transaction-api-2.0.1.jar;C:\Users\Admin\.m2\repository\org\jboss\logging\jboss-logging\3.6.1.Final\jboss-logging-3.6.1.Final.jar;C:\Users\Admin\.m2\repository\org\hibernate\common\hibernate-commons-annotations\7.0.3.Final\hibernate-commons-annotations-7.0.3.Final.jar;C:\Users\Admin\.m2\repository\io\smallr
Launcher Type: SUN_STANDARD

[Global flags]
     intx CICompilerCount                          = 4                                         {product} {ergonomic}
     uint ConcGCThreads                            = 2                                         {product} {ergonomic}
     uint G1ConcRefinementThreads                  = 8                                         {product} {ergonomic}
   size_t G1HeapRegionSize                         = 2097152                                   {product} {ergonomic}
    uintx GCDrainStackTargetSize                   = 64                                        {product} {ergonomic}
   size_t InitialHeapSize                          = 264241152                                 {product} {ergonomic}
   size_t MarkStackSize                            = 4194304                                   {product} {ergonomic}
   size_t MaxHeapSize                              = 4202692608                                {product} {ergonomic}
   size_t MaxNewSize                               = 2520776704                                {product} {ergonomic}
   size_t MinHeapDeltaBytes                        = 2097152                                   {product} {ergonomic}
   size_t MinHeapSize                              = 8388608                                   {product} {ergonomic}
    uintx NonNMethodCodeHeapSize                   = 5839372                                {pd product} {ergonomic}
    uintx NonProfiledCodeHeapSize                  = 122909434                              {pd product} {ergonomic}
    uintx ProfiledCodeHeapSize                     = 122909434                              {pd product} {ergonomic}
    uintx ReservedCodeCacheSize                    = 251658240                              {pd product} {ergonomic}
     bool SegmentedCodeCache                       = true                                      {product} {ergonomic}
   size_t SoftMaxHeapSize                          = 4202692608                             {manageable} {ergonomic}
     bool UseCompressedClassPointers               = true                           {product lp64_product} {ergonomic}
     bool UseCompressedOops                        = true                           {product lp64_product} {ergonomic}
     bool UseG1GC                                  = true                                      {product} {ergonomic}
     bool UseLargePagesIndividualAllocation        = false                                  {pd product} {ergonomic}

Logging:
Log output configuration:
 #0: stdout all=warning uptime,level,tags
 #1: stderr all=off uptime,level,tags

Environment Variables:
JAVA_HOME=C:\Program Files\Java\jdk-17
PATH=C:\Python311\Scripts\;C:\Python311\;C:\Program Files\Common Files\Oracle\Java\javapath;C:\MinGW\bin;D:\oracle\product\10.2.0\client_1\bin;D:\OraHome_1\bin;D:\DevSuiteHome_2\jdk\jre\bin\classic;D:\DevSuiteHome_2\jdk\jre\bin;D:\DevSuiteHome_2\jdk\jre\bin\client;D:\DevSuiteHome_2\jlib;D:\DevSuiteHome_2\bin;D:\DevSuiteHome_2\jre\1.4.2\bin\client;D:\DevSuiteHome_2\jre\1.4.2\bin;C:\windows\system32;C:\windows;C:\windows\System32\Wbem;C:\windows\System32\WindowsPowerShell\v1.0\;C:\windows\System32\OpenSSH\;C:\orant\jdk\bin;C:\Users\Admin\AppData\Local\Programs\Python\Python39\;C:\Users\Admin\AppData\Local\Programs\Python\Python39\Scripts\;D:\Git\cmd;C:\ProgramData\chocolatey\bin;C:\Program Files\MongoDB\mongosh-1.10.1-win32-x64\mongosh-1.10.1-win32-x64\bin;C:\Program Files\apache-maven-3.9.8\bin;C:\Program Files\Java\jdk-17\bin;C:\Program Files\nodejs\;C:\Program Files\Docker\Docker\resources\bin;C:\Program Files\PostgreSQL\17\bin;C:\Users\Admin\AppData\Local\Microsoft\WindowsApps;D:\PyCharm Community Edition 2021.1.1\bin;;C:\Users\Admin\AppData\Local\Programs\Python\Python39\Scripts\;C:\Users\Admin\AppData\Local\Programs\Python\Python39\;D:\Microsoft VS Code\bin;C:\Program Files\MongoDB\Server\6.0\bin;C:\Program Files\Java\jdk-11\bin;C:\Program Files\JetBrains\IntelliJ IDEA Community Edition 2024.1.4\bin;;C:\Program Files\apache-maven-3.9.8\bin;C:\Users\Admin\AppData\Roaming\npm
USERNAME=Admin
OS=Windows_NT
PROCESSOR_IDENTIFIER=Intel64 Family 6 Model 140 Stepping 1, GenuineIntel



---------------  S Y S T E M  ---------------

OS:
 Windows 10 , 64 bit Build 19041 (10.0.19041.5915)
OS uptime: 0 days 4:16 hours
Hyper-V role detected

CPU: total 8 (initial active 8) (4 cores per cpu, 2 threads per core) family 6 model 140 stepping 1 microcode 0x8a, cx8, cmov, fxsr, ht, mmx, 3dnowpref, sse, sse2, sse3, ssse3, sse4.1, sse4.2, popcnt, lzcnt, tsc, tscinvbit, avx, avx2, aes, erms, clmul, bmi1, bmi2, adx, avx512f, avx512dq, avx512cd, avx512bw, avx512vl, sha, fma, vzeroupper, avx512_vpopcntdq, avx512_vpclmulqdq, avx512_vaes, avx512_vnni, clflush, clflushopt, clwb, avx512_vbmi2, avx512_vbmi, hv

Memory: 4k page, system-wide physical 16026M (2865M free)
TotalPageFile size 18925M (AvailPageFile size 88M)
current process WorkingSet (physical memory assigned to process): 284M, peak: 284M
current process commit charge ("private bytes"): 323M, peak: 417M

vm_info: Java HotSpot(TM) 64-Bit Server VM (17.0.12+8-LTS-286) for windows-amd64 JRE (17.0.12+8-LTS-286), built on Jun  5 2024 06:46:59 by "mach5one" with MS VC++ 17.6 (VS2022)

END.
